This is XeTeX, Version 3.14159265-2.6-0.99991 (TeX Live 2014) (preloaded format=xelatex 2015.5.3)  9 JUN 2015 21:39
entering extended mode
 restricted \write18 enabled.
 %&-line parsing enabled.
**Poster.tex
(./Poster.tex
LaTeX2e <2014/05/01>
Babel <3.9l> and hyphenation patterns for 79 languages loaded.
(/usr/local/texlive/2014/texmf-dist/tex/latex/base/article.cls
Document Class: article 2014/09/29 v1.4h Standard LaTeX document class
(/usr/local/texlive/2014/texmf-dist/tex/latex/base/size10.clo
File: size10.clo 2014/09/29 v1.4h Standard LaTeX file (size option)
)
\c@part=\count80
\c@section=\count81
\c@subsection=\count82
\c@subsubsection=\count83
\c@paragraph=\count84
\c@subparagraph=\count85
\c@figure=\count86
\c@table=\count87
\abovecaptionskip=\skip41
\belowcaptionskip=\skip42
\bibindent=\dimen102
)
(/usr/local/texlive/2014/texmf-dist/tex/latex/pgfplots/pgfplots.sty
(/usr/local/texlive/2014/texmf-dist/tex/generic/pgfplots/pgfplots.revision.tex)
Package: pgfplots 2015/01/31 v1.12 Data Visualization (1.12)
(/usr/local/texlive/2014/texmf-dist/tex/latex/pgf/frontendlayer/tikz.sty
(/usr/local/texlive/2014/texmf-dist/tex/latex/pgf/basiclayer/pgf.sty
(/usr/local/texlive/2014/texmf-dist/tex/latex/pgf/utilities/pgfrcs.sty
(/usr/local/texlive/2014/texmf-dist/tex/generic/pgf/utilities/pgfutil-common.te
x
\pgfutil@everybye=\toks14
\pgfutil@tempdima=\dimen103
\pgfutil@tempdimb=\dimen104

(/usr/local/texlive/2014/texmf-dist/tex/generic/pgf/utilities/pgfutil-common-li
sts.tex))
(/usr/local/texlive/2014/texmf-dist/tex/generic/pgf/utilities/pgfutil-latex.def
\pgfutil@abb=\box26
(/usr/local/texlive/2014/texmf-dist/tex/latex/ms/everyshi.sty
Package: everyshi 2001/05/15 v3.00 EveryShipout Package (MS)
))
(/usr/local/texlive/2014/texmf-dist/tex/generic/pgf/utilities/pgfrcs.code.tex
Package: pgfrcs 2013/12/20 v3.0.0 (rcs-revision 1.28)
))
Package: pgf 2013/12/18 v3.0.0 (rcs-revision 1.14)
(/usr/local/texlive/2014/texmf-dist/tex/latex/pgf/basiclayer/pgfcore.sty
(/usr/local/texlive/2014/texmf-dist/tex/latex/graphics/graphicx.sty
Package: graphicx 2014/10/28 v1.0g Enhanced LaTeX Graphics (DPC,SPQR)

(/usr/local/texlive/2014/texmf-dist/tex/latex/graphics/keyval.sty
Package: keyval 2014/10/28 v1.15 key=value parser (DPC)
\KV@toks@=\toks15
)
(/usr/local/texlive/2014/texmf-dist/tex/latex/graphics/graphics.sty
Package: graphics 2014/10/28 v1.0p Standard LaTeX Graphics (DPC,SPQR)

(/usr/local/texlive/2014/texmf-dist/tex/latex/graphics/trig.sty
Package: trig 1999/03/16 v1.09 sin cos tan (DPC)
)
(/usr/local/texlive/2014/texmf-dist/tex/latex/latexconfig/graphics.cfg
File: graphics.cfg 2010/04/23 v1.9 graphics configuration of TeX Live
)
Package graphics Info: Driver file: xetex.def on input line 91.

(/usr/local/texlive/2014/texmf-dist/tex/xelatex/xetex-def/xetex.def
File: xetex.def 2015/03/25 v4.04 LaTeX color/graphics driver for XeTeX (TeX Liv
e/RRM/JK)
))
\Gin@req@height=\dimen105
\Gin@req@width=\dimen106
)
(/usr/local/texlive/2014/texmf-dist/tex/latex/pgf/systemlayer/pgfsys.sty
(/usr/local/texlive/2014/texmf-dist/tex/generic/pgf/systemlayer/pgfsys.code.tex
Package: pgfsys 2013/11/30 v3.0.0 (rcs-revision 1.47)
(/usr/local/texlive/2014/texmf-dist/tex/generic/pgf/utilities/pgfkeys.code.tex
\pgfkeys@pathtoks=\toks16
\pgfkeys@temptoks=\toks17

(/usr/local/texlive/2014/texmf-dist/tex/generic/pgf/utilities/pgfkeysfiltered.c
ode.tex
\pgfkeys@tmptoks=\toks18
))
\pgf@x=\dimen107
\pgf@y=\dimen108
\pgf@xa=\dimen109
\pgf@ya=\dimen110
\pgf@xb=\dimen111
\pgf@yb=\dimen112
\pgf@xc=\dimen113
\pgf@yc=\dimen114
\w@pgf@writea=\write3
\r@pgf@reada=\read1
\c@pgf@counta=\count88
\c@pgf@countb=\count89
\c@pgf@countc=\count90
\c@pgf@countd=\count91
\t@pgf@toka=\toks19
\t@pgf@tokb=\toks20
\t@pgf@tokc=\toks21

(/usr/local/texlive/2014/texmf-dist/tex/generic/pgf/systemlayer/pgf.cfg
File: pgf.cfg 2008/05/14  (rcs-revision 1.7)
)
Driver file for pgf: pgfsys-xetex.def

(/usr/local/texlive/2014/texmf-dist/tex/generic/pgf/systemlayer/pgfsys-xetex.de
f
File: pgfsys-xetex.def 2013/07/16  (rcs-revision 1.9)

(/usr/local/texlive/2014/texmf-dist/tex/generic/pgf/systemlayer/pgfsys-dvipdfmx
.def
File: pgfsys-dvipdfmx.def 2013/08/28  (rcs-revision 1.12)

(/usr/local/texlive/2014/texmf-dist/tex/generic/pgf/systemlayer/pgfsys-common-p
df.def
File: pgfsys-common-pdf.def 2013/10/10  (rcs-revision 1.13)
)
\pgfsys@objnum=\count92
)))
(/usr/local/texlive/2014/texmf-dist/tex/generic/pgf/systemlayer/pgfsyssoftpath.
code.tex
File: pgfsyssoftpath.code.tex 2013/09/09  (rcs-revision 1.9)
\pgfsyssoftpath@smallbuffer@items=\count93
\pgfsyssoftpath@bigbuffer@items=\count94
)
(/usr/local/texlive/2014/texmf-dist/tex/generic/pgf/systemlayer/pgfsysprotocol.
code.tex
File: pgfsysprotocol.code.tex 2006/10/16  (rcs-revision 1.4)
)) (/usr/local/texlive/2014/texmf-dist/tex/latex/xcolor/xcolor.sty
Package: xcolor 2007/01/21 v2.11 LaTeX color extensions (UK)

(/usr/local/texlive/2014/texmf-dist/tex/latex/latexconfig/color.cfg
File: color.cfg 2007/01/18 v1.5 color configuration of teTeX/TeXLive
)
Package xcolor Info: Driver file: xetex.def on input line 225.
Package xcolor Info: Model `cmy' substituted by `cmy0' on input line 1337.
Package xcolor Info: Model `RGB' extended on input line 1353.
Package xcolor Info: Model `HTML' substituted by `rgb' on input line 1355.
Package xcolor Info: Model `Hsb' substituted by `hsb' on input line 1356.
Package xcolor Info: Model `tHsb' substituted by `hsb' on input line 1357.
Package xcolor Info: Model `HSB' substituted by `hsb' on input line 1358.
Package xcolor Info: Model `Gray' substituted by `gray' on input line 1359.
Package xcolor Info: Model `wave' substituted by `hsb' on input line 1360.
)
(/usr/local/texlive/2014/texmf-dist/tex/generic/pgf/basiclayer/pgfcore.code.tex
Package: pgfcore 2010/04/11 v3.0.0 (rcs-revision 1.7)
(/usr/local/texlive/2014/texmf-dist/tex/generic/pgf/math/pgfmath.code.tex
(/usr/local/texlive/2014/texmf-dist/tex/generic/pgf/math/pgfmathcalc.code.tex
(/usr/local/texlive/2014/texmf-dist/tex/generic/pgf/math/pgfmathutil.code.tex)
(/usr/local/texlive/2014/texmf-dist/tex/generic/pgf/math/pgfmathparser.code.tex
\pgfmath@dimen=\dimen115
\pgfmath@count=\count95
\pgfmath@box=\box27
\pgfmath@toks=\toks22
\pgfmath@stack@operand=\toks23
\pgfmath@stack@operation=\toks24
)
(/usr/local/texlive/2014/texmf-dist/tex/generic/pgf/math/pgfmathfunctions.code.
tex
(/usr/local/texlive/2014/texmf-dist/tex/generic/pgf/math/pgfmathfunctions.basic
.code.tex)
(/usr/local/texlive/2014/texmf-dist/tex/generic/pgf/math/pgfmathfunctions.trigo
nometric.code.tex)
(/usr/local/texlive/2014/texmf-dist/tex/generic/pgf/math/pgfmathfunctions.rando
m.code.tex)
(/usr/local/texlive/2014/texmf-dist/tex/generic/pgf/math/pgfmathfunctions.compa
rison.code.tex)
(/usr/local/texlive/2014/texmf-dist/tex/generic/pgf/math/pgfmathfunctions.base.
code.tex)
(/usr/local/texlive/2014/texmf-dist/tex/generic/pgf/math/pgfmathfunctions.round
.code.tex)
(/usr/local/texlive/2014/texmf-dist/tex/generic/pgf/math/pgfmathfunctions.misc.
code.tex)
(/usr/local/texlive/2014/texmf-dist/tex/generic/pgf/math/pgfmathfunctions.integ
erarithmetics.code.tex)))
(/usr/local/texlive/2014/texmf-dist/tex/generic/pgf/math/pgfmathfloat.code.tex
\c@pgfmathroundto@lastzeros=\count96
))
(/usr/local/texlive/2014/texmf-dist/tex/generic/pgf/basiclayer/pgfcorepoints.co
de.tex
File: pgfcorepoints.code.tex 2013/10/07  (rcs-revision 1.27)
\pgf@picminx=\dimen116
\pgf@picmaxx=\dimen117
\pgf@picminy=\dimen118
\pgf@picmaxy=\dimen119
\pgf@pathminx=\dimen120
\pgf@pathmaxx=\dimen121
\pgf@pathminy=\dimen122
\pgf@pathmaxy=\dimen123
\pgf@xx=\dimen124
\pgf@xy=\dimen125
\pgf@yx=\dimen126
\pgf@yy=\dimen127
\pgf@zx=\dimen128
\pgf@zy=\dimen129
)
(/usr/local/texlive/2014/texmf-dist/tex/generic/pgf/basiclayer/pgfcorepathconst
ruct.code.tex
File: pgfcorepathconstruct.code.tex 2013/10/07  (rcs-revision 1.29)
\pgf@path@lastx=\dimen130
\pgf@path@lasty=\dimen131
)
(/usr/local/texlive/2014/texmf-dist/tex/generic/pgf/basiclayer/pgfcorepathusage
.code.tex
File: pgfcorepathusage.code.tex 2013/12/13  (rcs-revision 1.23)
\pgf@shorten@end@additional=\dimen132
\pgf@shorten@start@additional=\dimen133
)
(/usr/local/texlive/2014/texmf-dist/tex/generic/pgf/basiclayer/pgfcorescopes.co
de.tex
File: pgfcorescopes.code.tex 2013/10/09  (rcs-revision 1.44)
\pgfpic=\box28
\pgf@hbox=\box29
\pgf@layerbox@main=\box30
\pgf@picture@serial@count=\count97
)
(/usr/local/texlive/2014/texmf-dist/tex/generic/pgf/basiclayer/pgfcoregraphicst
ate.code.tex
File: pgfcoregraphicstate.code.tex 2013/09/19  (rcs-revision 1.11)
\pgflinewidth=\dimen134
)
(/usr/local/texlive/2014/texmf-dist/tex/generic/pgf/basiclayer/pgfcoretransform
ations.code.tex
File: pgfcoretransformations.code.tex 2013/10/10  (rcs-revision 1.17)
\pgf@pt@x=\dimen135
\pgf@pt@y=\dimen136
\pgf@pt@temp=\dimen137
)
(/usr/local/texlive/2014/texmf-dist/tex/generic/pgf/basiclayer/pgfcorequick.cod
e.tex
File: pgfcorequick.code.tex 2008/10/09  (rcs-revision 1.3)
)
(/usr/local/texlive/2014/texmf-dist/tex/generic/pgf/basiclayer/pgfcoreobjects.c
ode.tex
File: pgfcoreobjects.code.tex 2006/10/11  (rcs-revision 1.2)
)
(/usr/local/texlive/2014/texmf-dist/tex/generic/pgf/basiclayer/pgfcorepathproce
ssing.code.tex
File: pgfcorepathprocessing.code.tex 2013/09/09  (rcs-revision 1.9)
)
(/usr/local/texlive/2014/texmf-dist/tex/generic/pgf/basiclayer/pgfcorearrows.co
de.tex
File: pgfcorearrows.code.tex 2013/11/07  (rcs-revision 1.40)
\pgfarrowsep=\dimen138
)
(/usr/local/texlive/2014/texmf-dist/tex/generic/pgf/basiclayer/pgfcoreshade.cod
e.tex
File: pgfcoreshade.code.tex 2013/07/15  (rcs-revision 1.15)
\pgf@max=\dimen139
\pgf@sys@shading@range@num=\count98
)
(/usr/local/texlive/2014/texmf-dist/tex/generic/pgf/basiclayer/pgfcoreimage.cod
e.tex
File: pgfcoreimage.code.tex 2013/07/15  (rcs-revision 1.18)

(/usr/local/texlive/2014/texmf-dist/tex/generic/pgf/basiclayer/pgfcoreexternal.
code.tex
File: pgfcoreexternal.code.tex 2013/07/15  (rcs-revision 1.20)
\pgfexternal@startupbox=\box31
))
(/usr/local/texlive/2014/texmf-dist/tex/generic/pgf/basiclayer/pgfcorelayers.co
de.tex
File: pgfcorelayers.code.tex 2013/07/18  (rcs-revision 1.7)
)
(/usr/local/texlive/2014/texmf-dist/tex/generic/pgf/basiclayer/pgfcoretranspare
ncy.code.tex
File: pgfcoretransparency.code.tex 2013/09/30  (rcs-revision 1.5)
)
(/usr/local/texlive/2014/texmf-dist/tex/generic/pgf/basiclayer/pgfcorepatterns.
code.tex
File: pgfcorepatterns.code.tex 2013/11/07  (rcs-revision 1.5)
)))
(/usr/local/texlive/2014/texmf-dist/tex/generic/pgf/modules/pgfmoduleshapes.cod
e.tex
File: pgfmoduleshapes.code.tex 2013/10/31  (rcs-revision 1.34)
\pgfnodeparttextbox=\box32
)
(/usr/local/texlive/2014/texmf-dist/tex/generic/pgf/modules/pgfmoduleplot.code.
tex
File: pgfmoduleplot.code.tex 2013/07/31  (rcs-revision 1.12)
)
(/usr/local/texlive/2014/texmf-dist/tex/latex/pgf/compatibility/pgfcomp-version
-0-65.sty
Package: pgfcomp-version-0-65 2007/07/03 v3.0.0 (rcs-revision 1.7)
\pgf@nodesepstart=\dimen140
\pgf@nodesepend=\dimen141
)
(/usr/local/texlive/2014/texmf-dist/tex/latex/pgf/compatibility/pgfcomp-version
-1-18.sty
Package: pgfcomp-version-1-18 2007/07/23 v3.0.0 (rcs-revision 1.1)
))
(/usr/local/texlive/2014/texmf-dist/tex/latex/pgf/utilities/pgffor.sty
(/usr/local/texlive/2014/texmf-dist/tex/latex/pgf/utilities/pgfkeys.sty
(/usr/local/texlive/2014/texmf-dist/tex/generic/pgf/utilities/pgfkeys.code.tex)
) (/usr/local/texlive/2014/texmf-dist/tex/latex/pgf/math/pgfmath.sty
(/usr/local/texlive/2014/texmf-dist/tex/generic/pgf/math/pgfmath.code.tex))
(/usr/local/texlive/2014/texmf-dist/tex/generic/pgf/utilities/pgffor.code.tex
Package: pgffor 2013/12/13 v3.0.0 (rcs-revision 1.25)

(/usr/local/texlive/2014/texmf-dist/tex/generic/pgf/math/pgfmath.code.tex)
\pgffor@iter=\dimen142
\pgffor@skip=\dimen143
\pgffor@stack=\toks25
\pgffor@toks=\toks26
))
(/usr/local/texlive/2014/texmf-dist/tex/generic/pgf/frontendlayer/tikz/tikz.cod
e.tex
Package: tikz 2013/12/13 v3.0.0 (rcs-revision 1.142)

(/usr/local/texlive/2014/texmf-dist/tex/generic/pgf/libraries/pgflibraryplothan
dlers.code.tex
File: pgflibraryplothandlers.code.tex 2013/08/31 v3.0.0 (rcs-revision 1.20)
\pgf@plot@mark@count=\count99
\pgfplotmarksize=\dimen144
)
\tikz@lastx=\dimen145
\tikz@lasty=\dimen146
\tikz@lastxsaved=\dimen147
\tikz@lastysaved=\dimen148
\tikzleveldistance=\dimen149
\tikzsiblingdistance=\dimen150
\tikz@figbox=\box33
\tikz@figbox@bg=\box34
\tikz@tempbox=\box35
\tikz@tempbox@bg=\box36
\tikztreelevel=\count100
\tikznumberofchildren=\count101
\tikznumberofcurrentchild=\count102
\tikz@fig@count=\count103

(/usr/local/texlive/2014/texmf-dist/tex/generic/pgf/modules/pgfmodulematrix.cod
e.tex
File: pgfmodulematrix.code.tex 2013/09/17  (rcs-revision 1.8)
\pgfmatrixcurrentrow=\count104
\pgfmatrixcurrentcolumn=\count105
\pgf@matrix@numberofcolumns=\count106
)
\tikz@expandcount=\count107

(/usr/local/texlive/2014/texmf-dist/tex/generic/pgf/frontendlayer/tikz/librarie
s/tikzlibrarytopaths.code.tex
File: tikzlibrarytopaths.code.tex 2008/06/17 v3.0.0 (rcs-revision 1.2)
)))
(/usr/local/texlive/2014/texmf-dist/tex/generic/pgfplots/pgfplots.code.tex
(/usr/local/texlive/2014/texmf-dist/tex/generic/pgfplots/pgfplotscore.code.tex
\t@pgfplots@toka=\toks27
\t@pgfplots@tokb=\toks28
\t@pgfplots@tokc=\toks29
\pgfplots@tmpa=\dimen151
\c@pgfplots@coordindex=\count108
\c@pgfplots@scanlineindex=\count109

(/usr/local/texlive/2014/texmf-dist/tex/generic/pgfplots/sys/pgfplotssysgeneric
.code.tex))
(/usr/local/texlive/2014/texmf-dist/tex/generic/pgfplots/libs/pgfplotslibrary.c
ode.tex)
(/usr/local/texlive/2014/texmf-dist/tex/generic/pgfplots/oldpgfcompatib/pgfplot
soldpgfsupp_loader.code.tex
(/usr/local/texlive/2014/texmf-dist/tex/generic/pgf/libraries/pgflibraryfpu.cod
e.tex)
Package pgfplots: loading complementary arithmetics for your pgf version...

(/usr/local/texlive/2014/texmf-dist/tex/generic/pgfplots/oldpgfcompatib/pgfplot
soldpgfsupp_pgflibraryfpu.code.tex)
(/usr/local/texlive/2014/texmf-dist/tex/generic/pgfplots/oldpgfcompatib/pgfplot
soldpgfsupp_pgfmathfloat.code.tex
\c@pgfmathroundto@lastzeros=\count110
)
(/usr/local/texlive/2014/texmf-dist/tex/generic/pgfplots/oldpgfcompatib/pgfplot
soldpgfsupp_trig_format.code.tex))
(/usr/local/texlive/2014/texmf-dist/tex/generic/pgfplots/util/pgfplotsutil.code
.tex
(/usr/local/texlive/2014/texmf-dist/tex/generic/pgfplots/liststructure/pgfplots
liststructure.code.tex)
(/usr/local/texlive/2014/texmf-dist/tex/generic/pgfplots/liststructure/pgfplots
liststructureext.code.tex)
(/usr/local/texlive/2014/texmf-dist/tex/generic/pgfplots/liststructure/pgfplots
array.code.tex
\c@pgfplotsarray@tmp=\count111
)
(/usr/local/texlive/2014/texmf-dist/tex/generic/pgfplots/liststructure/pgfplots
matrix.code.tex)
(/usr/local/texlive/2014/texmf-dist/tex/generic/pgfplots/numtable/pgfplotstable
shared.code.tex
\c@pgfplotstable@counta=\count112
\t@pgfplotstable@a=\toks30
)
(/usr/local/texlive/2014/texmf-dist/tex/generic/pgfplots/liststructure/pgfplots
deque.code.tex)
(/usr/local/texlive/2014/texmf-dist/tex/generic/pgfplots/util/pgfplotsbinary.co
de.tex
(/usr/local/texlive/2014/texmf-dist/tex/generic/pgfplots/util/pgfplotsbinary.da
ta.code.tex))
(/usr/local/texlive/2014/texmf-dist/tex/generic/pgfplots/util/pgfplotsutil.verb
.code.tex)
(/usr/local/texlive/2014/texmf-dist/tex/generic/pgfplots/libs/pgflibrarypgfplot
s.surfshading.code.tex
\c@pgfplotslibrarysurf@no=\count113

(/usr/local/texlive/2014/texmf-dist/tex/generic/pgfplots/sys/pgflibrarypgfplots
.surfshading.pgfsys-xetex.def
(/usr/local/texlive/2014/texmf-dist/tex/generic/pgfplots/sys/pgflibrarypgfplots
.surfshading.pgfsys-dvipdfmx.def
\c@pgfplotslibrarysurf@streamlen=\count114
))))
(/usr/local/texlive/2014/texmf-dist/tex/generic/pgfplots/util/pgfplotscolormap.
code.tex
(/usr/local/texlive/2014/texmf-dist/tex/generic/pgfplots/util/pgfplotscolor.cod
e.tex))
(/usr/local/texlive/2014/texmf-dist/tex/generic/pgfplots/pgfplotsstackedplots.c
ode.tex)
(/usr/local/texlive/2014/texmf-dist/tex/generic/pgfplots/pgfplotsplothandlers.c
ode.tex
(/usr/local/texlive/2014/texmf-dist/tex/generic/pgfplots/pgfplotsmeshplothandle
r.code.tex))
(/usr/local/texlive/2014/texmf-dist/tex/generic/pgfplots/pgfplots.scaling.code.
tex)
(/usr/local/texlive/2014/texmf-dist/tex/generic/pgfplots/pgfplotscoordprocessin
g.code.tex)
(/usr/local/texlive/2014/texmf-dist/tex/generic/pgfplots/pgfplots.errorbars.cod
e.tex)
(/usr/local/texlive/2014/texmf-dist/tex/generic/pgfplots/pgfplots.markers.code.
tex)
(/usr/local/texlive/2014/texmf-dist/tex/generic/pgfplots/pgfplotsticks.code.tex
)
(/usr/local/texlive/2014/texmf-dist/tex/generic/pgfplots/pgfplots.paths.code.te
x)
(/usr/local/texlive/2014/texmf-dist/tex/generic/pgf/frontendlayer/tikz/librarie
s/tikzlibrarydecorations.code.tex
(/usr/local/texlive/2014/texmf-dist/tex/generic/pgf/modules/pgfmoduledecoration
s.code.tex
\pgfdecoratedcompleteddistance=\dimen152
\pgfdecoratedremainingdistance=\dimen153
\pgfdecoratedinputsegmentcompleteddistance=\dimen154
\pgfdecoratedinputsegmentremainingdistance=\dimen155
\pgf@decorate@distancetomove=\dimen156
\pgf@decorate@repeatstate=\count115
\pgfdecorationsegmentamplitude=\dimen157
\pgfdecorationsegmentlength=\dimen158
)
\tikz@lib@dec@box=\box37
)
(/usr/local/texlive/2014/texmf-dist/tex/generic/pgf/frontendlayer/tikz/librarie
s/tikzlibrarydecorations.pathmorphing.code.tex
(/usr/local/texlive/2014/texmf-dist/tex/generic/pgf/libraries/decorations/pgfli
brarydecorations.pathmorphing.code.tex))
(/usr/local/texlive/2014/texmf-dist/tex/generic/pgf/frontendlayer/tikz/librarie
s/tikzlibrarydecorations.pathreplacing.code.tex
(/usr/local/texlive/2014/texmf-dist/tex/generic/pgf/libraries/decorations/pgfli
brarydecorations.pathreplacing.code.tex))
\pgfplots@numplots=\count116
\pgfplots@xmin@reg=\dimen159
\pgfplots@xmax@reg=\dimen160
\pgfplots@ymin@reg=\dimen161
\pgfplots@ymax@reg=\dimen162
\pgfplots@zmin@reg=\dimen163
\pgfplots@zmax@reg=\dimen164
)
(/usr/local/texlive/2014/texmf-dist/tex/generic/pgf/frontendlayer/tikz/librarie
s/tikzlibraryplotmarks.code.tex
File: tikzlibraryplotmarks.code.tex 2008/01/09 v3.0.0 (rcs-revision 1.1)

(/usr/local/texlive/2014/texmf-dist/tex/generic/pgf/libraries/pgflibraryplotmar
ks.code.tex
File: pgflibraryplotmarks.code.tex 2013/07/20 v3.0.0 (rcs-revision 1.13)
)))
(/usr/local/texlive/2014/texmf-dist/tex/latex/geometry/geometry.sty
Package: geometry 2010/09/12 v5.6 Page Geometry

(/usr/local/texlive/2014/texmf-dist/tex/generic/oberdiek/ifpdf.sty
Package: ifpdf 2011/01/30 v2.3 Provides the ifpdf switch (HO)
Package ifpdf Info: pdfTeX in PDF mode is not detected.
)
(/usr/local/texlive/2014/texmf-dist/tex/generic/oberdiek/ifvtex.sty
Package: ifvtex 2010/03/01 v1.5 Detect VTeX and its facilities (HO)
Package ifvtex Info: VTeX not detected.
)
(/usr/local/texlive/2014/texmf-dist/tex/generic/ifxetex/ifxetex.sty
Package: ifxetex 2010/09/12 v0.6 Provides ifxetex conditional
)
\Gm@cnth=\count117
\Gm@cntv=\count118
\c@Gm@tempcnt=\count119
\Gm@bindingoffset=\dimen165
\Gm@wd@mp=\dimen166
\Gm@odd@mp=\dimen167
\Gm@even@mp=\dimen168
\Gm@layoutwidth=\dimen169
\Gm@layoutheight=\dimen170
\Gm@layouthoffset=\dimen171
\Gm@layoutvoffset=\dimen172
\Gm@dimlist=\toks31
)
(/usr/local/texlive/2014/texmf-dist/tex/latex/etoolbox/etoolbox.sty
Package: etoolbox 2015/03/19 v2.1d e-TeX tools for LaTeX (JAW)

(/usr/local/texlive/2014/texmf-dist/tex/latex/etex-pkg/etex.sty
Package: etex 2015/03/02 v2.1 eTeX basic definition package (PEB,DPC)
\et@xins=\count120
)
\etb@tempcnta=\count121
)
(/usr/local/texlive/2014/texmf-dist/tex/latex/fontspec/fontspec.sty
Package: fontspec 2015/03/14 v2.4c Font selection for XeLaTeX and LuaLaTeX

(/usr/local/texlive/2014/texmf-dist/tex/latex/l3kernel/expl3.sty
Package: expl3 2015/03/01 v5547 L3 programming layer (loader) 

(/usr/local/texlive/2014/texmf-dist/tex/latex/l3kernel/expl3-code.tex
Package: expl3 2015/03/01 v5547 L3 programming layer (code) 
L3 Module: l3bootstrap 2015/02/28 v5542 L3 Bootstrap code
L3 Module: l3names 2015/02/24 v5535 L3 Namespace for primitives
L3 Module: l3basics 2015/01/27 v5500 L3 Basic definitions
L3 Module: l3expan 2014/11/27 v5472 L3 Argument expansion
L3 Module: l3tl 2015/01/27 v5500 L3 Token lists
L3 Module: l3str 2015/03/01 v5545 L3 Strings
L3 Module: l3seq 2014/08/23 v5354 L3 Sequences and stacks
L3 Module: l3int 2015/02/21 v5529 L3 Integers
\c_max_int=\count122
\l_tmpa_int=\count123
\l_tmpb_int=\count124
\g_tmpa_int=\count125
\g_tmpb_int=\count126
L3 Module: l3quark 2014/08/23 v5354 L3 Quarks
L3 Module: l3prg 2014/08/23 v5354 L3 Control structures
\g__prg_map_int=\count127
L3 Module: l3clist 2014/08/23 v5354 L3 Comma separated lists
L3 Module: l3token 2014/09/15 v5422 L3 Experimental token manipulation
L3 Module: l3prop 2014/08/23 v5354 L3 Property lists
L3 Module: l3msg 2015/02/26 v5537 L3 Messages
L3 Module: l3file 2014/08/24 v5369 L3 File and I/O operations
\l_iow_line_count_int=\count128
\l__iow_target_count_int=\count129
\l__iow_current_line_int=\count130
\l__iow_current_word_int=\count131
\l__iow_current_indentation_int=\count132
L3 Module: l3skip 2014/08/23 v5354 L3 Dimensions and skips
\c_zero_dim=\dimen173
\c_max_dim=\dimen174
\l_tmpa_dim=\dimen175
\l_tmpb_dim=\dimen176
\g_tmpa_dim=\dimen177
\g_tmpb_dim=\dimen178
\c_zero_skip=\skip43
\c_max_skip=\skip44
\l_tmpa_skip=\skip45
\l_tmpb_skip=\skip46
\g_tmpa_skip=\skip47
\g_tmpb_skip=\skip48
\c_zero_muskip=\muskip10
\c_max_muskip=\muskip11
\l_tmpa_muskip=\muskip12
\l_tmpb_muskip=\muskip13
\g_tmpa_muskip=\muskip14
\g_tmpb_muskip=\muskip15
L3 Module: l3keys 2015/01/27 v5500 L3 Key-value interfaces
\g__keyval_level_int=\count133
\l_keys_choice_int=\count134
L3 Module: l3fp 2014/08/22 v5336 L3 Floating points
\c__fp_leading_shift_int=\count135
\c__fp_middle_shift_int=\count136
\c__fp_trailing_shift_int=\count137
\c__fp_big_leading_shift_int=\count138
\c__fp_big_middle_shift_int=\count139
\c__fp_big_trailing_shift_int=\count140
\c__fp_Bigg_leading_shift_int=\count141
\c__fp_Bigg_middle_shift_int=\count142
\c__fp_Bigg_trailing_shift_int=\count143
L3 Module: l3box 2014/08/23 v5354 L3 Experimental boxes
\c_empty_box=\box38
\l_tmpa_box=\box39
\l_tmpb_box=\box40
\g_tmpa_box=\box41
\g_tmpb_box=\box42
L3 Module: l3coffins 2014/08/23 v5354 L3 Coffin code layer
\l__coffin_internal_box=\box43
\l__coffin_internal_dim=\dimen179
\l__coffin_offset_x_dim=\dimen180
\l__coffin_offset_y_dim=\dimen181
\l__coffin_x_dim=\dimen182
\l__coffin_y_dim=\dimen183
\l__coffin_x_prime_dim=\dimen184
\l__coffin_y_prime_dim=\dimen185
\c_empty_coffin=\box44
\l__coffin_aligned_coffin=\box45
\l__coffin_aligned_internal_coffin=\box46
\l_tmpa_coffin=\box47
\l_tmpb_coffin=\box48
\l__coffin_display_coffin=\box49
\l__coffin_display_coord_coffin=\box50
\l__coffin_display_pole_coffin=\box51
\l__coffin_display_offset_dim=\dimen186
\l__coffin_display_x_dim=\dimen187
\l__coffin_display_y_dim=\dimen188
L3 Module: l3color 2014/08/23 v5354 L3 Experimental color support
L3 Module: l3candidates 2015/03/01 v5544 L3 Experimental additions to l3kernel
\l__box_top_dim=\dimen189
\l__box_bottom_dim=\dimen190
\l__box_left_dim=\dimen191
\l__box_right_dim=\dimen192
\l__box_top_new_dim=\dimen193
\l__box_bottom_new_dim=\dimen194
\l__box_left_new_dim=\dimen195
\l__box_right_new_dim=\dimen196
\l__box_internal_box=\box52
\l__coffin_bounding_shift_dim=\dimen197
\l__coffin_left_corner_dim=\dimen198
\l__coffin_right_corner_dim=\dimen199
\l__coffin_bottom_corner_dim=\dimen200
\l__coffin_top_corner_dim=\dimen201
Normal \dimen register pool exhausted, switching to extended pool.
\l__coffin_scaled_total_height_dim=\dimen256
\l__coffin_scaled_width_dim=\dimen257
)
(/usr/local/texlive/2014/texmf-dist/tex/latex/l3kernel/l3unicode-data.def
File: l3unicode-data.def 2015/03/01 v5544 L3 Unicode data
)
(/usr/local/texlive/2014/texmf-dist/tex/latex/l3kernel/l3xdvipdfmx.def
File: l3xdvidpfmx.def 2015/03/01 v5544 L3 Experimental driver: xdvipdfmx
))
(/usr/local/texlive/2014/texmf-dist/tex/latex/l3packages/xparse/xparse.sty
Package: xparse 2014/11/25 v5471 L3 Experimental document command parser
\l__xparse_current_arg_int=\count144
\l__xparse_m_args_int=\count145
\l__xparse_mandatory_args_int=\count146
\l__xparse_processor_int=\count147
\l__xparse_v_nesting_int=\count148
)
\l_fontspec_script_int=\count149
\l_fontspec_language_int=\count150
\l_fontspec_strnum_int=\count151
\l__fontspec_tmpa_dim=\dimen258
\l__fontspec_tmpb_dim=\dimen259
\l__fontspec_tmpc_dim=\dimen260
Variant \tl_gset:cV already defined; not changing it on line 71

(/usr/local/texlive/2014/texmf-dist/tex/latex/fontspec/fontspec-patches.sty
Package: fontspec-patches 2015/03/14 v2.4c Font selection for XeLaTeX and LuaLa
TeX
LaTeX Info: Redefining \em on input line 49.
LaTeX Info: Redefining \emph on input line 57.
LaTeX Info: Redefining \- on input line 60.
.................................................
. LaTeX info: "xparse/redefine-command"
. 
. Redefining command \oldstylenums with sig. 'm' on line 155.
.................................................
.................................................
. LaTeX info: "xparse/define-command"
. 
. Defining command \liningnums with sig. 'm' on line 159.
.................................................
)
(/usr/local/texlive/2014/texmf-dist/tex/latex/fontspec/fontspec-xetex.sty
Package: fontspec-xetex 2015/03/14 v2.4c Font selection for XeLaTeX and LuaLaTe
X

(/usr/local/texlive/2014/texmf-dist/tex/latex/base/fontenc.sty
Package: fontenc 2005/09/27 v1.99g Standard LaTeX package

(/usr/local/texlive/2014/texmf-dist/tex/latex/euenc/eu1enc.def
File: eu1enc.def 2010/05/27 v0.1h Experimental Unicode font encodings
)
LaTeX Font Info:    Try loading font information for EU1+lmr on input line 100.


(/usr/local/texlive/2014/texmf-dist/tex/latex/euenc/eu1lmr.fd
File: eu1lmr.fd 2009/10/30 v1.6 Font defs for Latin Modern
))
(/usr/local/texlive/2014/texmf-dist/tex/xelatex/xunicode/xunicode.sty
File: xunicode.sty 2011/09/09 v0.981 provides access to latin accents and many 
other characters in Unicode lower plane

(/usr/local/texlive/2014/texmf-dist/tex/latex/tipa/t3enc.def
File: t3enc.def 2001/12/31 T3 encoding
LaTeX Font Info:    Try loading font information for EU1+lmss on input line 357
.

(/usr/local/texlive/2014/texmf-dist/tex/latex/euenc/eu1lmss.fd
File: eu1lmss.fd 2009/10/30 v1.6 Font defs for Latin Modern
))
\tipaTiiicode=\count152
\tipasavetokens=\toks32
\tipachecktokens=\toks33
)
.................................................
. LaTeX info: "xparse/define-command"
. 
. Defining command \__fontspec_post_arg:w with sig. 'mmO{}' on line 42.
.................................................
.................................................
. LaTeX info: "xparse/define-command"
. 
. Defining command \fontspec with sig. 'om' on line 44.
.................................................
.................................................
. LaTeX info: "xparse/define-command"
. 
. Defining command \setmainfont with sig. 'om' on line 54.
.................................................
.................................................
. LaTeX info: "xparse/define-command"
. 
. Defining command \setsansfont with sig. 'om' on line 64.
.................................................
.................................................
. LaTeX info: "xparse/define-command"
. 
. Defining command \setmonofont with sig. 'om' on line 74.
.................................................
.................................................
. LaTeX info: "xparse/define-command"
. 
. Defining command \setmathrm with sig. 'om' on line 88.
.................................................
.................................................
. LaTeX info: "xparse/define-command"
. 
. Defining command \setboldmathrm with sig. 'om' on line 96.
.................................................
.................................................
. LaTeX info: "xparse/define-command"
. 
. Defining command \setmathsf with sig. 'om' on line 104.
.................................................
.................................................
. LaTeX info: "xparse/define-command"
. 
. Defining command \setmathtt with sig. 'om' on line 112.
.................................................
.................................................
. LaTeX info: "xparse/define-command"
. 
. Defining command \newfontfamily with sig. 'mom' on line 126.
.................................................
.................................................
. LaTeX info: "xparse/define-command"
. 
. Defining command \newfontface with sig. 'mom' on line 141.
.................................................
.................................................
. LaTeX info: "xparse/define-command"
. 
. Defining command \defaultfontfeatures with sig. 't+om' on line 155.
.................................................
.................................................
. LaTeX info: "xparse/define-command"
. 
. Defining command \addfontfeatures with sig. 'm' on line 210.
.................................................
.................................................
. LaTeX info: "xparse/define-command"
. 
. Defining command \newfontfeature with sig. 'mm' on line 221.
.................................................
.................................................
. LaTeX info: "xparse/define-command"
. 
. Defining command \newAATfeature with sig. 'mmmm' on line 229.
.................................................
.................................................
. LaTeX info: "xparse/define-command"
. 
. Defining command \newopentypefeature with sig. 'mmm' on line 237.
.................................................
.................................................
. LaTeX info: "xparse/define-command"
. 
. Defining command \aliasfontfeature with sig. 'mm' on line 261.
.................................................
.................................................
. LaTeX info: "xparse/define-command"
. 
. Defining command \aliasfontfeatureoption with sig. 'mmm' on line 270.
.................................................
.................................................
. LaTeX info: "xparse/define-command"
. 
. Defining command \newfontscript with sig. 'mm' on line 275.
.................................................
.................................................
. LaTeX info: "xparse/define-command"
. 
. Defining command \newfontlanguage with sig. 'mm' on line 301.
.................................................
.................................................
. LaTeX info: "xparse/define-command"
. 
. Defining command \DeclareFontsExtensions with sig. 'm' on line 321.
.................................................
Variant \prop_gput:cnV already defined; not changing it on line 704
Variant \prop_gput:cnx already defined; not changing it on line 705
\l__fontspec_tmp_int=\count153
LaTeX Info: Redefining \itshape on input line 2232.
LaTeX Info: Redefining \slshape on input line 2237.
LaTeX Info: Redefining \scshape on input line 2242.
LaTeX Info: Redefining \upshape on input line 2247.

(/usr/local/texlive/2014/texmf-dist/tex/latex/fontspec/fontspec.cfg)))
(/usr/local/texlive/2014/texmf-dist/tex/latex/silence/silence.sty
Package: silence 2012/07/02 v1.5b Selective filtering of warnings and error mes
sages
\sl@Save=\count154
\sl@StateNumber=\count155
\sl@MessageCount=\count156
\sl@Casualties=\count157
\sl@Filter=\toks34
\sl@Message=\toks35
\sl@UnexpandedMessage=\toks36
\sl@Mess@ge=\toks37
\sl@WarningCount=\count158
\sl@WarningNumber=\count159
\sl@WarningCasualties=\count160
\sl@TempBOW=\toks38
\sl@BankOfWarnings=\toks39
LaTeX Info: Redefining \GenericWarning on input line 433.
\sl@ErrorCount=\count161
\sl@ErrorNumber=\count162
\sl@ErrorCasualties=\count163
\sl@TempBOE=\toks40
\sl@BankOfErrors=\toks41
LaTeX Info: Redefining \GenericError on input line 601.
)
(/usr/local/texlive/2014/texmf-dist/tex/latex/setspace/setspace.sty
Package: setspace 2011/12/19 v6.7a set line spacing
)
(/usr/local/texlive/2014/texmf-dist/tex/latex/pdfpages/pdfpages.sty
Package: pdfpages 2013/08/25 v0.4v Insert pages of external PDF documents (AM)

(/usr/local/texlive/2014/texmf-dist/tex/latex/base/ifthen.sty
Package: ifthen 2014/09/29 v1.1c Standard LaTeX ifthen package (DPC)
)
(/usr/local/texlive/2014/texmf-dist/tex/latex/tools/calc.sty
Package: calc 2014/10/28 v4.3 Infix arithmetic (KKT,FJ)
\calc@Acount=\count164
\calc@Bcount=\count165
\calc@Adimen=\dimen261
\calc@Bdimen=\dimen262
\calc@Askip=\skip49
\calc@Bskip=\skip50
LaTeX Info: Redefining \setlength on input line 75.
LaTeX Info: Redefining \addtolength on input line 76.
\calc@Ccount=\count166
\calc@Cskip=\skip51
)
(/usr/local/texlive/2014/texmf-dist/tex/latex/eso-pic/eso-pic.sty
Package: eso-pic 2013/10/06 v2.0d eso-pic (RN)

(/usr/local/texlive/2014/texmf-dist/tex/generic/oberdiek/atbegshi.sty
Package: atbegshi 2011/10/05 v1.16 At begin shipout hook (HO)

(/usr/local/texlive/2014/texmf-dist/tex/generic/oberdiek/infwarerr.sty
Package: infwarerr 2010/04/08 v1.3 Providing info/warning/error messages (HO)
)
(/usr/local/texlive/2014/texmf-dist/tex/generic/oberdiek/ltxcmds.sty
Package: ltxcmds 2011/11/09 v1.22 LaTeX kernel commands for general use (HO)
)))
(/usr/local/texlive/2014/texmf-dist/tex/latex/pdfpages/ppxetex.def
File: ppxetex.def 2013/08/25 v0.4v Pdfpages driver for XeTeX (AM)
)
\AM@pagebox=\box53
\AM@toc@title=\toks42
\c@AM@survey=\count167
\AM@templatesizebox=\box54
)
(/usr/local/texlive/2014/texmf-dist/tex/latex/parskip/parskip.sty
Package: parskip 2001/04/09 non-zero parskip adjustments
)
(/usr/local/texlive/2014/texmf-dist/tex/latex/hyphenat/hyphenat.sty
Package: hyphenat 2009/09/02 v2.3c hyphenation utilities
\langwohyphens=\language80
LaTeX Info: Redefining \_ on input line 43.
)
(/usr/local/texlive/2014/texmf-dist/tex/latex/standalone/standalone.sty
Package: standalone 2012/09/15 v1.1b Package to include TeX sub-files with prea
mbles

(/usr/local/texlive/2014/texmf-dist/tex/generic/oberdiek/ifluatex.sty
Package: ifluatex 2010/03/01 v1.3 Provides the ifluatex switch (HO)
Package ifluatex Info: LuaTeX not detected.
)
(/usr/local/texlive/2014/texmf-dist/tex/latex/xkeyval/xkeyval.sty
Package: xkeyval 2014/12/03 v2.7a package option processing (HA)

(/usr/local/texlive/2014/texmf-dist/tex/generic/xkeyval/xkeyval.tex
(/usr/local/texlive/2014/texmf-dist/tex/generic/xkeyval/xkvutils.tex
\XKV@toks=\toks43
\XKV@tempa@toks=\toks44
)
\XKV@depth=\count168
File: xkeyval.tex 2014/12/03 v2.7a key=value parser (HA)
))

Package standalone Warning: The 'mode=buildnew' option is not available for XeT
eX.
(standalone)                Therefore 'mode=build' will be used instead on inpu
t line 239.

(/usr/local/texlive/2014/texmf-dist/tex/latex/currfile/currfile.sty
Package: currfile 2013/02/01 v0.7b Provides the file path elements of the curre
nt input file

(/usr/local/texlive/2014/texmf-dist/tex/latex/oberdiek/kvoptions.sty
Package: kvoptions 2011/06/30 v3.11 Key value format for package options (HO)

(/usr/local/texlive/2014/texmf-dist/tex/generic/oberdiek/kvsetkeys.sty
Package: kvsetkeys 2012/04/25 v1.16 Key value parser (HO)

(/usr/local/texlive/2014/texmf-dist/tex/generic/oberdiek/etexcmds.sty
Package: etexcmds 2011/02/16 v1.5 Avoid name clashes with e-TeX commands (HO)
Package etexcmds Info: Could not find \expanded.
(etexcmds)             That can mean that you are not using pdfTeX 1.50 or
(etexcmds)             that some package has redefined \expanded.
(etexcmds)             In the latter case, load this package earlier.
)))
(/usr/local/texlive/2014/texmf-dist/tex/latex/filehook/filehook.sty
Package: filehook 2011/10/12 v0.5d Hooks for input files
)
\c@currfiledepth=\count169
)
(/usr/local/texlive/2014/texmf-dist/tex/latex/gincltex/gincltex.sty
(/usr/local/texlive/2014/texmf-dist/tex/latex/svn-prov/svn-prov.sty
Package: svn-prov 2010/04/24 v3.1862 Package Date/Version from SVN Keywords
)
Package: gincltex 2011/09/04 v0.3 Include external LaTeX files like graphics

(/usr/local/texlive/2014/texmf-dist/tex/latex/adjustbox/adjustbox.sty
Package: adjustbox 2012/05/21 v1.0 Adjusting TeX boxes (trim, clip, ...)

(/usr/local/texlive/2014/texmf-dist/tex/latex/adjustbox/adjcalc.sty
Package: adjcalc 2012/05/16 v1.1 Provides advanced setlength with multiple back
-ends (calc, etex, pgfmath)
)
(/usr/local/texlive/2014/texmf-dist/tex/latex/adjustbox/trimclip.sty
Package: trimclip 2012/05/16 v1.0 Trim and clip general TeX material

(/usr/local/texlive/2014/texmf-dist/tex/latex/collectbox/collectbox.sty
Package: collectbox 2012/05/17 v0.4b Collect macro arguments as boxes
\collectedbox=\box55
)
\tc@llx=\dimen263
\tc@lly=\dimen264
\tc@urx=\dimen265
\tc@ury=\dimen266
Package trimclip Info: Using driver 'tc-xetex.def'.

(/usr/local/texlive/2014/texmf-dist/tex/latex/adjustbox/tc-xetex.def
File: tc-xetex.def 2012/05/13 v1.0 Clipping driver for xetex
))
\adjbox@Width=\dimen267
\adjbox@Height=\dimen268
\adjbox@Depth=\dimen269
\adjbox@Totalheight=\dimen270

(/usr/local/texlive/2014/texmf-dist/tex/latex/ifoddpage/ifoddpage.sty
Package: ifoddpage 2011/09/13 v1.0 Conditionals for odd/even page detection
\c@checkoddpage=\count170
)
(/usr/local/texlive/2014/texmf-dist/tex/latex/varwidth/varwidth.sty
Package: varwidth 2009/03/30 ver 0.92;  Variable-width minipages
\@vwid@box=\box56
\sift@deathcycles=\count171
\@vwid@loff=\dimen271
\@vwid@roff=\dimen272
))
\gincltex@box=\box57
))
(/usr/local/texlive/2014/texmf-dist/tex/generic/pgf/frontendlayer/tikz/librarie
s/tikzlibrarycalc.code.tex
File: tikzlibrarycalc.code.tex 2013/07/15 v3.0.0 (rcs-revision 1.9)
)
\g__file_internal_ior=\read2
\g__fontspec_family_FiraSans_int=\count172
.................................................
. fontspec info: "defining-font"
. 
. Font family 'FiraSans(0)' created for font 'Fira Sans' with options
. [Ligatures=TeX].
. 
. This font family consists of the following shapes:
. 
. * 'normal' with NFSS spec.:
. <->"Fira Sans/OT:script=latn;language=DFLT;mapping=tex-text;"
. 
. * 'small caps' with NFSS spec.:
. <->"Fira Sans/OT:script=latn;language=DFLT;mapping=tex-text;+smcp;"
. and font adjustment code:
. 
. 
. * 'bold' with NFSS spec.:
. <->"Fira Sans/B/OT:script=latn;language=DFLT;mapping=tex-text;"
. 
. * 'bold small caps' with NFSS spec.:
. <->"Fira Sans/B/OT:script=latn;language=DFLT;mapping=tex-text;+smcp;"
. and font adjustment code:
. 
. 
. * 'italic' with NFSS spec.:
. <->"Fira Sans/I/OT:script=latn;language=DFLT;mapping=tex-text;"
. 
. * 'small caps' with NFSS spec.:
. <->"Fira Sans/I/OT:script=latn;language=DFLT;mapping=tex-text;+smcp;"
. and font adjustment code:
. 
. 
. * 'bold italic' with NFSS spec.:
. <->"Fira Sans/BI/OT:script=latn;language=DFLT;mapping=tex-text;"
. 
. * 'bold small caps' with NFSS spec.:
. <->"Fira Sans/BI/OT:script=latn;language=DFLT;mapping=tex-text;+smcp;"
. and font adjustment code:
. 
.................................................
 (./Poster.aux)
\openout1 = `Poster.aux'.

LaTeX Font Info:    Checking defaults for OML/cmm/m/it on input line 172.
LaTeX Font Info:    ... okay on input line 172.
LaTeX Font Info:    Checking defaults for T1/cmr/m/n on input line 172.
LaTeX Font Info:    ... okay on input line 172.
LaTeX Font Info:    Checking defaults for OT1/cmr/m/n on input line 172.
LaTeX Font Info:    ... okay on input line 172.
LaTeX Font Info:    Checking defaults for OMS/cmsy/m/n on input line 172.
LaTeX Font Info:    ... okay on input line 172.
LaTeX Font Info:    Checking defaults for OMX/cmex/m/n on input line 172.
LaTeX Font Info:    ... okay on input line 172.
LaTeX Font Info:    Checking defaults for U/cmr/m/n on input line 172.
LaTeX Font Info:    ... okay on input line 172.
LaTeX Font Info:    Checking defaults for EU1/lmr/m/n on input line 172.
LaTeX Font Info:    ... okay on input line 172.
LaTeX Font Info:    Checking defaults for T3/cmr/m/n on input line 172.
LaTeX Font Info:    Try loading font information for T3+cmr on input line 172.

(/usr/local/texlive/2014/texmf-dist/tex/latex/tipa/t3cmr.fd
File: t3cmr.fd 2001/12/31 TIPA font definitions
)
LaTeX Font Info:    ... okay on input line 172.

ABD: EveryShipout initializing macros

Package pgfplots Warning: running in backwards compatibility mode (unsuitable t
ick labels; missing features). Consider writing \pgfplotsset{compat=1.12} into 
your preamble.
 on input line 172.

*geometry* driver: auto-detecting
*geometry* detected driver: xetex
*geometry* verbose mode - [ preamble ] result:
* driver: xetex
* paper: a1paper
* layout: <same size as paper>
* layoutoffset:(h,v)=(0.0pt,0.0pt)
* modes: landscape 
* h-part:(L,W,R)=(0.0pt, 2392.87677pt, 0.0pt)
* v-part:(T,H,B)=(0.0pt, 1690.09369pt, 0.0pt)
* \paperwidth=2392.87677pt
* \paperheight=1690.09369pt
* \textwidth=2392.87677pt
* \textheight=1690.09369pt
* \oddsidemargin=-72.26999pt
* \evensidemargin=-72.26999pt
* \topmargin=-109.26999pt
* \headheight=12.0pt
* \headsep=25.0pt
* \topskip=10.0pt
* \footskip=30.0pt
* \marginparwidth=65.0pt
* \marginparsep=11.0pt
* \columnsep=10.0pt
* \skip\footins=9.0pt plus 4.0pt minus 2.0pt
* \hoffset=0.0pt
* \voffset=0.0pt
* \mag=1000
* \@twocolumnfalse
* \@twosidefalse
* \@mparswitchfalse
* \@reversemarginfalse
* (1in=72.27pt=25.4mm, 1cm=28.453pt)

.................................................
. fontspec info: "setup-math"
. 
. Adjusting the maths setup (use [no-math] to avoid this).
.................................................
\symlegacymaths=\mathgroup4
LaTeX Font Info:    Overwriting symbol font `legacymaths' in version `bold'
(Font)                  OT1/cmr/m/n --> OT1/cmr/bx/n on input line 172.
LaTeX Font Info:    Redeclaring math accent \acute on input line 172.
LaTeX Font Info:    Redeclaring math accent \grave on input line 172.
LaTeX Font Info:    Redeclaring math accent \ddot on input line 172.
LaTeX Font Info:    Redeclaring math accent \tilde on input line 172.
LaTeX Font Info:    Redeclaring math accent \bar on input line 172.
LaTeX Font Info:    Redeclaring math accent \breve on input line 172.
LaTeX Font Info:    Redeclaring math accent \check on input line 172.
LaTeX Font Info:    Redeclaring math accent \hat on input line 172.
LaTeX Font Info:    Redeclaring math accent \dot on input line 172.
LaTeX Font Info:    Redeclaring math accent \mathring on input line 172.
LaTeX Font Info:    Redeclaring math symbol \colon on input line 172.
LaTeX Font Info:    Redeclaring math symbol \Gamma on input line 172.
LaTeX Font Info:    Redeclaring math symbol \Delta on input line 172.
LaTeX Font Info:    Redeclaring math symbol \Theta on input line 172.
LaTeX Font Info:    Redeclaring math symbol \Lambda on input line 172.
LaTeX Font Info:    Redeclaring math symbol \Xi on input line 172.
LaTeX Font Info:    Redeclaring math symbol \Pi on input line 172.
LaTeX Font Info:    Redeclaring math symbol \Sigma on input line 172.
LaTeX Font Info:    Redeclaring math symbol \Upsilon on input line 172.
LaTeX Font Info:    Redeclaring math symbol \Phi on input line 172.
LaTeX Font Info:    Redeclaring math symbol \Psi on input line 172.
LaTeX Font Info:    Redeclaring math symbol \Omega on input line 172.
LaTeX Font Info:    Redeclaring math symbol \mathdollar on input line 172.
LaTeX Font Info:    Redeclaring symbol font `operators' on input line 172.
LaTeX Font Info:    Encoding `OT1' has changed to `EU1' for symbol font
(Font)              `operators' in the math version `normal' on input line 172.

LaTeX Font Info:    Overwriting symbol font `operators' in version `normal'
(Font)                  OT1/cmr/m/n --> EU1/FiraSans(0)/m/n on input line 172.
LaTeX Font Info:    Encoding `OT1' has changed to `EU1' for symbol font
(Font)              `operators' in the math version `bold' on input line 172.
LaTeX Font Info:    Overwriting symbol font `operators' in version `bold'
(Font)                  OT1/cmr/bx/n --> EU1/FiraSans(0)/m/n on input line 172.

LaTeX Font Info:    Overwriting symbol font `operators' in version `normal'
(Font)                  EU1/FiraSans(0)/m/n --> EU1/FiraSans(0)/m/n on input li
ne 172.
LaTeX Font Info:    Overwriting math alphabet `\mathit' in version `normal'
(Font)                  OT1/cmr/m/it --> EU1/FiraSans(0)/m/it on input line 172
.
LaTeX Font Info:    Overwriting math alphabet `\mathbf' in version `normal'
(Font)                  OT1/cmr/bx/n --> EU1/FiraSans(0)/bx/n on input line 172
.
LaTeX Font Info:    Overwriting math alphabet `\mathsf' in version `normal'
(Font)                  OT1/cmss/m/n --> EU1/lmss/m/n on input line 172.
LaTeX Font Info:    Overwriting math alphabet `\mathtt' in version `normal'
(Font)                  OT1/cmtt/m/n --> EU1/lmtt/m/n on input line 172.
LaTeX Font Info:    Overwriting symbol font `operators' in version `bold'
(Font)                  EU1/FiraSans(0)/m/n --> EU1/FiraSans(0)/bx/n on input l
ine 172.
LaTeX Font Info:    Overwriting math alphabet `\mathit' in version `bold'
(Font)                  OT1/cmr/bx/it --> EU1/FiraSans(0)/bx/it on input line 1
72.
LaTeX Font Info:    Overwriting math alphabet `\mathsf' in version `bold'
(Font)                  OT1/cmss/bx/n --> EU1/lmss/bx/n on input line 172.
LaTeX Font Info:    Overwriting math alphabet `\mathtt' in version `bold'
(Font)                  OT1/cmtt/m/n --> EU1/lmtt/bx/n on input line 172.
\AtBeginShipoutBox=\box58
Missing character: There is no ; in font nullfont!
runsystem(xelatex -interaction=batchmode -shell-escape -jobname 'Setup'  Setup)
...disabled (restricted).

File: Setup.pdf Graphic file (type QTm)
<use  "Setup.pdf" >
LaTeX Font Info:    Calculating math sizes for size <60> on input line 191.


LaTeX Font Warning: Font shape `OML/cmm/m/it' in size <60> not available
(Font)              size <24.88> substituted on input line 191.


LaTeX Font Warning: Font shape `OML/cmm/m/it' in size <41.99982> not available
(Font)              size <24.88> substituted on input line 191.


LaTeX Font Warning: Font shape `OML/cmm/m/it' in size <30> not available
(Font)              size <24.88> substituted on input line 191.


LaTeX Font Warning: Font shape `OMS/cmsy/m/n' in size <60> not available
(Font)              size <24.88> substituted on input line 191.


LaTeX Font Warning: Font shape `OMS/cmsy/m/n' in size <41.99982> not available
(Font)              size <24.88> substituted on input line 191.


LaTeX Font Warning: Font shape `OMS/cmsy/m/n' in size <30> not available
(Font)              size <24.88> substituted on input line 191.

LaTeX Font Info:    External font `cmex10' loaded for size
(Font)              <60> on input line 191.
LaTeX Font Info:    External font `cmex10' loaded for size
(Font)              <41.99982> on input line 191.
LaTeX Font Info:    External font `cmex10' loaded for size
(Font)              <30> on input line 191.

LaTeX Font Warning: Font shape `OT1/cmr/m/n' in size <60> not available
(Font)              size <24.88> substituted on input line 191.


LaTeX Font Warning: Font shape `OT1/cmr/m/n' in size <41.99982> not available
(Font)              size <24.88> substituted on input line 191.


LaTeX Font Warning: Font shape `OT1/cmr/m/n' in size <30> not available
(Font)              size <24.88> substituted on input line 191.

LaTeX Font Info:    Calculating math sizes for size <30> on input line 191.

LaTeX Font Warning: Font shape `OML/cmm/m/it' in size <15> not available
(Font)              size <14.4> substituted on input line 191.


LaTeX Font Warning: Font shape `OMS/cmsy/m/n' in size <15> not available
(Font)              size <14.4> substituted on input line 191.

LaTeX Font Info:    External font `cmex10' loaded for size
(Font)              <20.99991> on input line 191.
LaTeX Font Info:    External font `cmex10' loaded for size
(Font)              <15> on input line 191.

LaTeX Font Warning: Font shape `OT1/cmr/m/n' in size <15> not available
(Font)              size <14.4> substituted on input line 191.

File: Figures/Leiden_University_Seal.png Graphic file (type QTm)
<use  "Figures/Leiden_University_Seal.png" >
File: Figures/Lion_Logo.png Graphic file (type QTm)
 <use  "Figures/Lion_Logo.png" >
Underfull \hbox (badness 1460) in paragraph at lines 203--206
\EU1/FiraSans(0)/m/n/30 was used to measure the emission spectra of
 []


Underfull \hbox (badness 10000) in paragraph at lines 209--212
[][][][]    \EU1/FiraSans(0)/m/n/30 The setup above shows the Michelson
 []


Underfull \hbox (badness 10000) in paragraph at lines 209--212
\EU1/FiraSans(0)/m/n/30 because one of the interferometer arms is
 []


Underfull \hbox (badness 1496) in paragraph at lines 209--212
\EU1/FiraSans(0)/m/n/30 variable in length. The frequency with which
 []

File: Figures/Na.png Graphic file (type QTm)
<use  "Figures/Na.png" >
File: Figures/Doublet.png Graphic file (type QTm)
 <use  "Figures/Doublet.png" >
File: Figures/BB.png Graphic file (type QTm)

<use  "Figures/BB.png" >
File: Figures/BG36.png Graphic file (type QTm)
 <use  "Figures/BG36.png" >
LaTeX Font Info:    External font `cmex10' loaded for size
(Font)              <7> on input line 280.
LaTeX Font Info:    External font `cmex10' loaded for size
(Font)              <5> on input line 280.

Underfull \hbox (badness 2302) in paragraph at lines 286--289
[][][][]    \EU1/FiraSans(0)/m/n/30 Using the Michelson interferometer a high
 []


Overfull \hbox (30.0pt too wide) in paragraph at lines 174--292
[] 
 []

[1

] (./Poster.aux)

LaTeX Font Warning: Size substitutions with differences
(Font)              up to 35.12pt have occurred.

 ) 
Here is how much of TeX's memory you used:
 35879 strings out of 493724
 855511 string characters out of 6145900
 954343 words of memory out of 5000000
 38675 multiletter control sequences out of 15000+600000
 6573 words of font info for 47 fonts, out of 8000000 for 9000
 1328 hyphenation exceptions out of 8191
 62i,9n,77p,10376b,1041s stack positions out of 5000i,500n,10000p,200000b,80000s

Output written on Poster.pdf (1 page).
